Copyright 1986-2021 Xilinx, Inc. All Rights Reserved.
--------------------------------------------------------------------------------------------------------------------------------------------------------------------------------------------
| Tool Version : Vivado v.2021.1 (win64) Build 3247384 Thu Jun 10 19:36:33 MDT 2021
| Date         : Sat Apr 20 18:25:46 2024
| Host         : P1-07 running 64-bit major release  (build 9200)
| Command      : report_timing_summary -max_paths 10 -file Wrapper_timing_summary_routed.rpt -pb Wrapper_timing_summary_routed.pb -rpx Wrapper_timing_summary_routed.rpx -warn_on_violation
| Design       : Wrapper
| Device       : 7a100t-csg324
| Speed File   : -1  PRODUCTION 1.23 2018-06-13
--------------------------------------------------------------------------------------------------------------------------------------------------------------------------------------------

Timing Summary Report

------------------------------------------------------------------------------------------------
| Timer Settings
| --------------
------------------------------------------------------------------------------------------------

  Enable Multi Corner Analysis               :  Yes
  Enable Pessimism Removal                   :  Yes
  Pessimism Removal Resolution               :  Nearest Common Node
  Enable Input Delay Default Clock           :  No
  Enable Preset / Clear Arcs                 :  No
  Disable Flight Delays                      :  No
  Ignore I/O Paths                           :  No
  Timing Early Launch at Borrowing Latches   :  No
  Borrow Time for Max Delay Exceptions       :  Yes
  Merge Timing Exceptions                    :  Yes

  Corner  Analyze    Analyze    
  Name    Max Paths  Min Paths  
  ------  ---------  ---------  
  Slow    Yes        Yes        
  Fast    Yes        Yes        


------------------------------------------------------------------------------------------------
| Report Methodology
| ------------------
------------------------------------------------------------------------------------------------

Rule       Severity          Description                               Violations  
---------  ----------------  ----------------------------------------  ----------  
TIMING-17  Critical Warning  Non-clocked sequential cell               1000        
DPIR-1     Warning           Asynchronous driver check                 10          
SYNTH-14   Warning           DSP cannot absorb non-zero init register  8           
TIMING-18  Warning           Missing input or output delay             12          

Note: This report is based on the most recent report_methodology run and may not be up-to-date. Run report_methodology on the current design for the latest report.



check_timing report

Table of Contents
-----------------
1. checking no_clock (1215)
2. checking constant_clock (0)
3. checking pulse_width_clock (0)
4. checking unconstrained_internal_endpoints (3696)
5. checking no_input_delay (1)
6. checking no_output_delay (30)
7. checking multiple_clock (0)
8. checking generated_clocks (0)
9. checking loops (0)
10. checking partial_input_delay (0)
11. checking partial_output_delay (0)
12. checking latch_loops (0)

1. checking no_clock (1215)
---------------------------
 There are 20 register/latch pins with no clock driven by root clock pin: VGAControlModule/pixCounter_reg[1]/Q (HIGH)

 There are 1194 register/latch pins with no clock driven by root clock pin: counter_reg[0]/Q (HIGH)

 There is 1 register/latch pin with no clock driven by root clock pin: switchRam_reg/Q (HIGH)


2. checking constant_clock (0)
------------------------------
 There are 0 register/latch pins with constant_clock.


3. checking pulse_width_clock (0)
---------------------------------
 There are 0 register/latch pins which need pulse_width check


4. checking unconstrained_internal_endpoints (3696)
---------------------------------------------------
 There are 3696 pins that are not constrained for maximum delay. (HIGH)

 There are 0 pins that are not constrained for maximum delay due to constant clock.


5. checking no_input_delay (1)
------------------------------
 There is 1 input port with no input delay specified. (HIGH)

 There are 0 input ports with no input delay but user has a false path constraint.


6. checking no_output_delay (30)
--------------------------------
 There are 30 ports with no output delay specified. (HIGH)

 There are 0 ports with no output delay but user has a false path constraint

 There are 0 ports with no output delay but with a timing clock defined on it or propagating through it


7. checking multiple_clock (0)
------------------------------
 There are 0 register/latch pins with multiple clocks.


8. checking generated_clocks (0)
--------------------------------
 There are 0 generated clocks that are not connected to a clock source.


9. checking loops (0)
---------------------
 There are 0 combinational loops in the design.


10. checking partial_input_delay (0)
------------------------------------
 There are 0 input ports with partial input delay specified.


11. checking partial_output_delay (0)
-------------------------------------
 There are 0 ports with partial output delay specified.


12. checking latch_loops (0)
----------------------------
 There are 0 combinational latch loops in the design through latch input



------------------------------------------------------------------------------------------------
| Design Timing Summary
| ---------------------
------------------------------------------------------------------------------------------------

    WNS(ns)      TNS(ns)  TNS Failing Endpoints  TNS Total Endpoints      WHS(ns)      THS(ns)  THS Failing Endpoints  THS Total Endpoints     WPWS(ns)     TPWS(ns)  TPWS Failing Endpoints  TPWS Total Endpoints  
    -------      -------  ---------------------  -------------------      -------      -------  ---------------------  -------------------     --------     --------  ----------------------  --------------------  
      6.500        0.000                      0                    3        0.770        0.000                      0                    3        4.500        0.000                       0                     6  


All user specified timing constraints are met.


------------------------------------------------------------------------------------------------
| Clock Summary
| -------------
------------------------------------------------------------------------------------------------

Clock        Waveform(ns)       Period(ns)      Frequency(MHz)
-----        ------------       ----------      --------------
sys_clk_pin  {0.000 5.000}      10.000          100.000         


------------------------------------------------------------------------------------------------
| Intra Clock Table
| -----------------
------------------------------------------------------------------------------------------------

Clock             WNS(ns)      TNS(ns)  TNS Failing Endpoints  TNS Total Endpoints      WHS(ns)      THS(ns)  THS Failing Endpoints  THS Total Endpoints     WPWS(ns)     TPWS(ns)  TPWS Failing Endpoints  TPWS Total Endpoints  
-----             -------      -------  ---------------------  -------------------      -------      -------  ---------------------  -------------------     --------     --------  ----------------------  --------------------  
sys_clk_pin         6.500        0.000                      0                    3        0.770        0.000                      0                    3        4.500        0.000                       0                     6  


------------------------------------------------------------------------------------------------
| Inter Clock Table
| -----------------
------------------------------------------------------------------------------------------------

From Clock    To Clock          WNS(ns)      TNS(ns)  TNS Failing Endpoints  TNS Total Endpoints      WHS(ns)      THS(ns)  THS Failing Endpoints  THS Total Endpoints  
----------    --------          -------      -------  ---------------------  -------------------      -------      -------  ---------------------  -------------------  


------------------------------------------------------------------------------------------------
| Other Path Groups Table
| -----------------------
------------------------------------------------------------------------------------------------

Path Group    From Clock    To Clock          WNS(ns)      TNS(ns)  TNS Failing Endpoints  TNS Total Endpoints      WHS(ns)      THS(ns)  THS Failing Endpoints  THS Total Endpoints  
----------    ----------    --------          -------      -------  ---------------------  -------------------      -------      -------  ---------------------  -------------------  


------------------------------------------------------------------------------------------------
| Timing Details
| --------------
------------------------------------------------------------------------------------------------


---------------------------------------------------------------------------------------------------
From Clock:  sys_clk_pin
  To Clock:  sys_clk_pin

Setup :            0  Failing Endpoints,  Worst Slack        6.500ns,  Total Violation        0.000ns
Hold  :            0  Failing Endpoints,  Worst Slack        0.770ns,  Total Violation        0.000ns
PW    :            0  Failing Endpoints,  Worst Slack        4.500ns,  Total Violation        0.000ns
---------------------------------------------------------------------------------------------------


Max Delay Paths
--------------------------------------------------------------------------------------
Slack (MET) :             6.500ns  (required time - arrival time)
  Source:                 counter_reg[0]/C
                            (rising edge-triggered cell FDRE clocked by sys_clk_pin  {rise@0.000ns fall@5.000ns period=10.000ns})
  Destination:            counter_reg[0]/D
                            (rising edge-triggered cell FDRE clocked by sys_clk_pin  {rise@0.000ns fall@5.000ns period=10.000ns})
  Path Group:             sys_clk_pin
  Path Type:              Setup (Max at Slow Process Corner)
  Requirement:            10.000ns  (sys_clk_pin rise@10.000ns - sys_clk_pin rise@0.000ns)
  Data Path Delay:        3.494ns  (logic 0.676ns (19.347%)  route 2.818ns (80.653%))
  Logic Levels:           2  (BUFG=1 LUT1=1)
  Clock Path Skew:        0.000ns (DCD - SCD + CPR)
    Destination Clock Delay (DCD):    4.934ns = ( 14.934 - 10.000 ) 
    Source Clock Delay      (SCD):    5.235ns
    Clock Pessimism Removal (CPR):    0.301ns
  Clock Uncertainty:      0.035ns  ((TSJ^2 + TIJ^2)^1/2 + DJ) / 2 + PE
    Total System Jitter     (TSJ):    0.071ns
    Total Input Jitter      (TIJ):    0.000ns
    Discrete Jitter          (DJ):    0.000ns
    Phase Error              (PE):    0.000ns

    Location             Delay type                Incr(ns)  Path(ns)    Netlist Resource(s)
  -------------------------------------------------------------------    -------------------
                         (clock sys_clk_pin rise edge)
                                                      0.000     0.000 r  
    E3                                                0.000     0.000 r  CLK100MHZ (IN)
                         net (fo=0)                   0.000     0.000    CLK100MHZ
    E3                   IBUF (Prop_ibuf_I_O)         1.482     1.482 r  CLK100MHZ_IBUF_inst/O
                         net (fo=1, routed)           2.025     3.506    CLK100MHZ_IBUF
    BUFGCTRL_X0Y16       BUFG (Prop_bufg_I_O)         0.096     3.602 r  CLK100MHZ_IBUF_BUFG_inst/O
                         net (fo=5, routed)           1.632     5.235    CLK100MHZ_IBUF_BUFG
    SLICE_X51Y96         FDRE                                         r  counter_reg[0]/C
  -------------------------------------------------------------------    -------------------
    SLICE_X51Y96         FDRE (Prop_fdre_C_Q)         0.456     5.691 f  counter_reg[0]/Q
                         net (fo=1, routed)           0.698     6.389    counter_reg[0]__0
    BUFGCTRL_X0Y0        BUFG (Prop_bufg_I_O)         0.096     6.485 f  counter_reg_BUFG[0]_inst/O
                         net (fo=1195, routed)        2.120     8.605    counter_reg_BUFG[0]
    SLICE_X51Y96         LUT1 (Prop_lut1_I0_O)        0.124     8.729 r  q_reg_i_2/O
                         net (fo=1, routed)           0.000     8.729    n_clock
    SLICE_X51Y96         FDRE                                         r  counter_reg[0]/D
  -------------------------------------------------------------------    -------------------

                         (clock sys_clk_pin rise edge)
                                                     10.000    10.000 r  
    E3                                                0.000    10.000 r  CLK100MHZ (IN)
                         net (fo=0)                   0.000    10.000    CLK100MHZ
    E3                   IBUF (Prop_ibuf_I_O)         1.411    11.411 r  CLK100MHZ_IBUF_inst/O
                         net (fo=1, routed)           1.920    13.331    CLK100MHZ_IBUF
    BUFGCTRL_X0Y16       BUFG (Prop_bufg_I_O)         0.091    13.422 r  CLK100MHZ_IBUF_BUFG_inst/O
                         net (fo=5, routed)           1.511    14.934    CLK100MHZ_IBUF_BUFG
    SLICE_X51Y96         FDRE                                         r  counter_reg[0]/C
                         clock pessimism              0.301    15.235    
                         clock uncertainty           -0.035    15.199    
    SLICE_X51Y96         FDRE (Setup_fdre_C_D)        0.029    15.228    counter_reg[0]
  -------------------------------------------------------------------
                         required time                         15.228    
                         arrival time                          -8.729    
  -------------------------------------------------------------------
                         slack                                  6.500    

Slack (MET) :             7.649ns  (required time - arrival time)
  Source:                 VGAControlModule/pixCounter_reg[1]/C
                            (rising edge-triggered cell FDRE clocked by sys_clk_pin  {rise@0.000ns fall@5.000ns period=10.000ns})
  Destination:            VGAControlModule/pixCounter_reg[1]/D
                            (rising edge-triggered cell FDRE clocked by sys_clk_pin  {rise@0.000ns fall@5.000ns period=10.000ns})
  Path Group:             sys_clk_pin
  Path Type:              Setup (Max at Slow Process Corner)
  Requirement:            10.000ns  (sys_clk_pin rise@10.000ns - sys_clk_pin rise@0.000ns)
  Data Path Delay:        2.390ns  (logic 0.746ns (31.208%)  route 1.644ns (68.792%))
  Logic Levels:           1  (LUT2=1)
  Clock Path Skew:        0.000ns (DCD - SCD + CPR)
    Destination Clock Delay (DCD):    5.009ns = ( 15.009 - 10.000 ) 
    Source Clock Delay      (SCD):    5.307ns
    Clock Pessimism Removal (CPR):    0.298ns
  Clock Uncertainty:      0.035ns  ((TSJ^2 + TIJ^2)^1/2 + DJ) / 2 + PE
    Total System Jitter     (TSJ):    0.071ns
    Total Input Jitter      (TIJ):    0.000ns
    Discrete Jitter          (DJ):    0.000ns
    Phase Error              (PE):    0.000ns

    Location             Delay type                Incr(ns)  Path(ns)    Netlist Resource(s)
  -------------------------------------------------------------------    -------------------
                         (clock sys_clk_pin rise edge)
                                                      0.000     0.000 r  
    E3                                                0.000     0.000 r  CLK100MHZ (IN)
                         net (fo=0)                   0.000     0.000    CLK100MHZ
    E3                   IBUF (Prop_ibuf_I_O)         1.482     1.482 r  CLK100MHZ_IBUF_inst/O
                         net (fo=1, routed)           2.025     3.506    CLK100MHZ_IBUF
    BUFGCTRL_X0Y16       BUFG (Prop_bufg_I_O)         0.096     3.602 r  CLK100MHZ_IBUF_BUFG_inst/O
                         net (fo=5, routed)           1.704     5.307    VGAControlModule/CLK
    SLICE_X79Y77         FDRE                                         r  VGAControlModule/pixCounter_reg[1]/C
  -------------------------------------------------------------------    -------------------
    SLICE_X79Y77         FDRE (Prop_fdre_C_Q)         0.419     5.726 r  VGAControlModule/pixCounter_reg[1]/Q
                         net (fo=21, routed)          1.644     7.370    VGAControlModule/clk25
    SLICE_X79Y77         LUT2 (Prop_lut2_I1_O)        0.327     7.697 r  VGAControlModule/pixCounter[1]_i_1/O
                         net (fo=1, routed)           0.000     7.697    VGAControlModule/pixCounter[1]_i_1_n_0
    SLICE_X79Y77         FDRE                                         r  VGAControlModule/pixCounter_reg[1]/D
  -------------------------------------------------------------------    -------------------

                         (clock sys_clk_pin rise edge)
                                                     10.000    10.000 r  
    E3                                                0.000    10.000 r  CLK100MHZ (IN)
                         net (fo=0)                   0.000    10.000    CLK100MHZ
    E3                   IBUF (Prop_ibuf_I_O)         1.411    11.411 r  CLK100MHZ_IBUF_inst/O
                         net (fo=1, routed)           1.920    13.331    CLK100MHZ_IBUF
    BUFGCTRL_X0Y16       BUFG (Prop_bufg_I_O)         0.091    13.422 r  CLK100MHZ_IBUF_BUFG_inst/O
                         net (fo=5, routed)           1.586    15.009    VGAControlModule/CLK
    SLICE_X79Y77         FDRE                                         r  VGAControlModule/pixCounter_reg[1]/C
                         clock pessimism              0.298    15.307    
                         clock uncertainty           -0.035    15.271    
    SLICE_X79Y77         FDRE (Setup_fdre_C_D)        0.075    15.346    VGAControlModule/pixCounter_reg[1]
  -------------------------------------------------------------------
                         required time                         15.346    
                         arrival time                          -7.697    
  -------------------------------------------------------------------
                         slack                                  7.649    

Slack (MET) :             7.709ns  (required time - arrival time)
  Source:                 VGAControlModule/pixCounter_reg[0]/C
                            (rising edge-triggered cell FDRE clocked by sys_clk_pin  {rise@0.000ns fall@5.000ns period=10.000ns})
  Destination:            VGAControlModule/pixCounter_reg[0]/D
                            (rising edge-triggered cell FDRE clocked by sys_clk_pin  {rise@0.000ns fall@5.000ns period=10.000ns})
  Path Group:             sys_clk_pin
  Path Type:              Setup (Max at Slow Process Corner)
  Requirement:            10.000ns  (sys_clk_pin rise@10.000ns - sys_clk_pin rise@0.000ns)
  Data Path Delay:        2.284ns  (logic 0.580ns (25.391%)  route 1.704ns (74.609%))
  Logic Levels:           1  (LUT1=1)
  Clock Path Skew:        0.000ns (DCD - SCD + CPR)
    Destination Clock Delay (DCD):    5.009ns = ( 15.009 - 10.000 ) 
    Source Clock Delay      (SCD):    5.307ns
    Clock Pessimism Removal (CPR):    0.298ns
  Clock Uncertainty:      0.035ns  ((TSJ^2 + TIJ^2)^1/2 + DJ) / 2 + PE
    Total System Jitter     (TSJ):    0.071ns
    Total Input Jitter      (TIJ):    0.000ns
    Discrete Jitter          (DJ):    0.000ns
    Phase Error              (PE):    0.000ns

    Location             Delay type                Incr(ns)  Path(ns)    Netlist Resource(s)
  -------------------------------------------------------------------    -------------------
                         (clock sys_clk_pin rise edge)
                                                      0.000     0.000 r  
    E3                                                0.000     0.000 r  CLK100MHZ (IN)
                         net (fo=0)                   0.000     0.000    CLK100MHZ
    E3                   IBUF (Prop_ibuf_I_O)         1.482     1.482 r  CLK100MHZ_IBUF_inst/O
                         net (fo=1, routed)           2.025     3.506    CLK100MHZ_IBUF
    BUFGCTRL_X0Y16       BUFG (Prop_bufg_I_O)         0.096     3.602 r  CLK100MHZ_IBUF_BUFG_inst/O
                         net (fo=5, routed)           1.704     5.307    VGAControlModule/CLK
    SLICE_X79Y77         FDRE                                         r  VGAControlModule/pixCounter_reg[0]/C
  -------------------------------------------------------------------    -------------------
    SLICE_X79Y77         FDRE (Prop_fdre_C_Q)         0.456     5.763 f  VGAControlModule/pixCounter_reg[0]/Q
                         net (fo=2, routed)           1.704     7.467    VGAControlModule/pixCounter_reg_n_0_[0]
    SLICE_X79Y77         LUT1 (Prop_lut1_I0_O)        0.124     7.591 r  VGAControlModule/pixCounter[0]_i_1/O
                         net (fo=1, routed)           0.000     7.591    VGAControlModule/pixCounter[0]_i_1_n_0
    SLICE_X79Y77         FDRE                                         r  VGAControlModule/pixCounter_reg[0]/D
  -------------------------------------------------------------------    -------------------

                         (clock sys_clk_pin rise edge)
                                                     10.000    10.000 r  
    E3                                                0.000    10.000 r  CLK100MHZ (IN)
                         net (fo=0)                   0.000    10.000    CLK100MHZ
    E3                   IBUF (Prop_ibuf_I_O)         1.411    11.411 r  CLK100MHZ_IBUF_inst/O
                         net (fo=1, routed)           1.920    13.331    CLK100MHZ_IBUF
    BUFGCTRL_X0Y16       BUFG (Prop_bufg_I_O)         0.091    13.422 r  CLK100MHZ_IBUF_BUFG_inst/O
                         net (fo=5, routed)           1.586    15.009    VGAControlModule/CLK
    SLICE_X79Y77         FDRE                                         r  VGAControlModule/pixCounter_reg[0]/C
                         clock pessimism              0.298    15.307    
                         clock uncertainty           -0.035    15.271    
    SLICE_X79Y77         FDRE (Setup_fdre_C_D)        0.029    15.300    VGAControlModule/pixCounter_reg[0]
  -------------------------------------------------------------------
                         required time                         15.300    
                         arrival time                          -7.591    
  -------------------------------------------------------------------
                         slack                                  7.709    





Min Delay Paths
--------------------------------------------------------------------------------------
Slack (MET) :             0.770ns  (arrival time - required time)
  Source:                 VGAControlModule/pixCounter_reg[1]/C
                            (rising edge-triggered cell FDRE clocked by sys_clk_pin  {rise@0.000ns fall@5.000ns period=10.000ns})
  Destination:            VGAControlModule/pixCounter_reg[1]/D
                            (rising edge-triggered cell FDRE clocked by sys_clk_pin  {rise@0.000ns fall@5.000ns period=10.000ns})
  Path Group:             sys_clk_pin
  Path Type:              Hold (Min at Fast Process Corner)
  Requirement:            0.000ns  (sys_clk_pin rise@0.000ns - sys_clk_pin rise@0.000ns)
  Data Path Delay:        0.877ns  (logic 0.226ns (25.757%)  route 0.651ns (74.243%))
  Logic Levels:           1  (LUT2=1)
  Clock Path Skew:        0.000ns (DCD - SCD - CPR)
    Destination Clock Delay (DCD):    2.024ns
    Source Clock Delay      (SCD):    1.509ns
    Clock Pessimism Removal (CPR):    0.514ns

    Location             Delay type                Incr(ns)  Path(ns)    Netlist Resource(s)
  -------------------------------------------------------------------    -------------------
                         (clock sys_clk_pin rise edge)
                                                      0.000     0.000 r  
    E3                                                0.000     0.000 r  CLK100MHZ (IN)
                         net (fo=0)                   0.000     0.000    CLK100MHZ
    E3                   IBUF (Prop_ibuf_I_O)         0.250     0.250 r  CLK100MHZ_IBUF_inst/O
                         net (fo=1, routed)           0.644     0.894    CLK100MHZ_IBUF
    BUFGCTRL_X0Y16       BUFG (Prop_bufg_I_O)         0.026     0.920 r  CLK100MHZ_IBUF_BUFG_inst/O
                         net (fo=5, routed)           0.590     1.509    VGAControlModule/CLK
    SLICE_X79Y77         FDRE                                         r  VGAControlModule/pixCounter_reg[1]/C
  -------------------------------------------------------------------    -------------------
    SLICE_X79Y77         FDRE (Prop_fdre_C_Q)         0.128     1.637 r  VGAControlModule/pixCounter_reg[1]/Q
                         net (fo=21, routed)          0.651     2.289    VGAControlModule/clk25
    SLICE_X79Y77         LUT2 (Prop_lut2_I1_O)        0.098     2.387 r  VGAControlModule/pixCounter[1]_i_1/O
                         net (fo=1, routed)           0.000     2.387    VGAControlModule/pixCounter[1]_i_1_n_0
    SLICE_X79Y77         FDRE                                         r  VGAControlModule/pixCounter_reg[1]/D
  -------------------------------------------------------------------    -------------------

                         (clock sys_clk_pin rise edge)
                                                      0.000     0.000 r  
    E3                                                0.000     0.000 r  CLK100MHZ (IN)
                         net (fo=0)                   0.000     0.000    CLK100MHZ
    E3                   IBUF (Prop_ibuf_I_O)         0.438     0.438 r  CLK100MHZ_IBUF_inst/O
                         net (fo=1, routed)           0.699     1.136    CLK100MHZ_IBUF
    BUFGCTRL_X0Y16       BUFG (Prop_bufg_I_O)         0.029     1.165 r  CLK100MHZ_IBUF_BUFG_inst/O
                         net (fo=5, routed)           0.859     2.024    VGAControlModule/CLK
    SLICE_X79Y77         FDRE                                         r  VGAControlModule/pixCounter_reg[1]/C
                         clock pessimism             -0.514     1.509    
    SLICE_X79Y77         FDRE (Hold_fdre_C_D)         0.107     1.616    VGAControlModule/pixCounter_reg[1]
  -------------------------------------------------------------------
                         required time                         -1.616    
                         arrival time                           2.387    
  -------------------------------------------------------------------
                         slack                                  0.770    

Slack (MET) :             0.867ns  (arrival time - required time)
  Source:                 VGAControlModule/pixCounter_reg[0]/C
                            (rising edge-triggered cell FDRE clocked by sys_clk_pin  {rise@0.000ns fall@5.000ns period=10.000ns})
  Destination:            VGAControlModule/pixCounter_reg[0]/D
                            (rising edge-triggered cell FDRE clocked by sys_clk_pin  {rise@0.000ns fall@5.000ns period=10.000ns})
  Path Group:             sys_clk_pin
  Path Type:              Hold (Min at Fast Process Corner)
  Requirement:            0.000ns  (sys_clk_pin rise@0.000ns - sys_clk_pin rise@0.000ns)
  Data Path Delay:        0.958ns  (logic 0.186ns (19.410%)  route 0.772ns (80.590%))
  Logic Levels:           1  (LUT1=1)
  Clock Path Skew:        0.000ns (DCD - SCD - CPR)
    Destination Clock Delay (DCD):    2.024ns
    Source Clock Delay      (SCD):    1.509ns
    Clock Pessimism Removal (CPR):    0.514ns

    Location             Delay type                Incr(ns)  Path(ns)    Netlist Resource(s)
  -------------------------------------------------------------------    -------------------
                         (clock sys_clk_pin rise edge)
                                                      0.000     0.000 r  
    E3                                                0.000     0.000 r  CLK100MHZ (IN)
                         net (fo=0)                   0.000     0.000    CLK100MHZ
    E3                   IBUF (Prop_ibuf_I_O)         0.250     0.250 r  CLK100MHZ_IBUF_inst/O
                         net (fo=1, routed)           0.644     0.894    CLK100MHZ_IBUF
    BUFGCTRL_X0Y16       BUFG (Prop_bufg_I_O)         0.026     0.920 r  CLK100MHZ_IBUF_BUFG_inst/O
                         net (fo=5, routed)           0.590     1.509    VGAControlModule/CLK
    SLICE_X79Y77         FDRE                                         r  VGAControlModule/pixCounter_reg[0]/C
  -------------------------------------------------------------------    -------------------
    SLICE_X79Y77         FDRE (Prop_fdre_C_Q)         0.141     1.650 f  VGAControlModule/pixCounter_reg[0]/Q
                         net (fo=2, routed)           0.772     2.423    VGAControlModule/pixCounter_reg_n_0_[0]
    SLICE_X79Y77         LUT1 (Prop_lut1_I0_O)        0.045     2.468 r  VGAControlModule/pixCounter[0]_i_1/O
                         net (fo=1, routed)           0.000     2.468    VGAControlModule/pixCounter[0]_i_1_n_0
    SLICE_X79Y77         FDRE                                         r  VGAControlModule/pixCounter_reg[0]/D
  -------------------------------------------------------------------    -------------------

                         (clock sys_clk_pin rise edge)
                                                      0.000     0.000 r  
    E3                                                0.000     0.000 r  CLK100MHZ (IN)
                         net (fo=0)                   0.000     0.000    CLK100MHZ
    E3                   IBUF (Prop_ibuf_I_O)         0.438     0.438 r  CLK100MHZ_IBUF_inst/O
                         net (fo=1, routed)           0.699     1.136    CLK100MHZ_IBUF
    BUFGCTRL_X0Y16       BUFG (Prop_bufg_I_O)         0.029     1.165 r  CLK100MHZ_IBUF_BUFG_inst/O
                         net (fo=5, routed)           0.859     2.024    VGAControlModule/CLK
    SLICE_X79Y77         FDRE                                         r  VGAControlModule/pixCounter_reg[0]/C
                         clock pessimism             -0.514     1.509    
    SLICE_X79Y77         FDRE (Hold_fdre_C_D)         0.091     1.600    VGAControlModule/pixCounter_reg[0]
  -------------------------------------------------------------------
                         required time                         -1.600    
                         arrival time                           2.468    
  -------------------------------------------------------------------
                         slack                                  0.867    

Slack (MET) :             1.101ns  (arrival time - required time)
  Source:                 counter_reg[0]/C
                            (rising edge-triggered cell FDRE clocked by sys_clk_pin  {rise@0.000ns fall@5.000ns period=10.000ns})
  Destination:            counter_reg[0]/D
                            (rising edge-triggered cell FDRE clocked by sys_clk_pin  {rise@0.000ns fall@5.000ns period=10.000ns})
  Path Group:             sys_clk_pin
  Path Type:              Hold (Min at Fast Process Corner)
  Requirement:            0.000ns  (sys_clk_pin rise@0.000ns - sys_clk_pin rise@0.000ns)
  Data Path Delay:        1.192ns  (logic 0.212ns (17.782%)  route 0.980ns (82.218%))
  Logic Levels:           2  (BUFG=1 LUT1=1)
  Clock Path Skew:        0.000ns (DCD - SCD - CPR)
    Destination Clock Delay (DCD):    2.000ns
    Source Clock Delay      (SCD):    1.484ns
    Clock Pessimism Removal (CPR):    0.515ns

    Location             Delay type                Incr(ns)  Path(ns)    Netlist Resource(s)
  -------------------------------------------------------------------    -------------------
                         (clock sys_clk_pin rise edge)
                                                      0.000     0.000 r  
    E3                                                0.000     0.000 r  CLK100MHZ (IN)
                         net (fo=0)                   0.000     0.000    CLK100MHZ
    E3                   IBUF (Prop_ibuf_I_O)         0.250     0.250 r  CLK100MHZ_IBUF_inst/O
                         net (fo=1, routed)           0.644     0.894    CLK100MHZ_IBUF
    BUFGCTRL_X0Y16       BUFG (Prop_bufg_I_O)         0.026     0.920 r  CLK100MHZ_IBUF_BUFG_inst/O
                         net (fo=5, routed)           0.565     1.484    CLK100MHZ_IBUF_BUFG
    SLICE_X51Y96         FDRE                                         r  counter_reg[0]/C
  -------------------------------------------------------------------    -------------------
    SLICE_X51Y96         FDRE (Prop_fdre_C_Q)         0.141     1.625 f  counter_reg[0]/Q
                         net (fo=1, routed)           0.259     1.884    counter_reg[0]__0
    BUFGCTRL_X0Y0        BUFG (Prop_bufg_I_O)         0.026     1.910 f  counter_reg_BUFG[0]_inst/O
                         net (fo=1195, routed)        0.721     2.632    counter_reg_BUFG[0]
    SLICE_X51Y96         LUT1 (Prop_lut1_I0_O)        0.045     2.677 r  q_reg_i_2/O
                         net (fo=1, routed)           0.000     2.677    n_clock
    SLICE_X51Y96         FDRE                                         r  counter_reg[0]/D
  -------------------------------------------------------------------    -------------------

                         (clock sys_clk_pin rise edge)
                                                      0.000     0.000 r  
    E3                                                0.000     0.000 r  CLK100MHZ (IN)
                         net (fo=0)                   0.000     0.000    CLK100MHZ
    E3                   IBUF (Prop_ibuf_I_O)         0.438     0.438 r  CLK100MHZ_IBUF_inst/O
                         net (fo=1, routed)           0.699     1.136    CLK100MHZ_IBUF
    BUFGCTRL_X0Y16       BUFG (Prop_bufg_I_O)         0.029     1.165 r  CLK100MHZ_IBUF_BUFG_inst/O
                         net (fo=5, routed)           0.835     2.000    CLK100MHZ_IBUF_BUFG
    SLICE_X51Y96         FDRE                                         r  counter_reg[0]/C
                         clock pessimism             -0.515     1.484    
    SLICE_X51Y96         FDRE (Hold_fdre_C_D)         0.091     1.575    counter_reg[0]
  -------------------------------------------------------------------
                         required time                         -1.575    
                         arrival time                           2.677    
  -------------------------------------------------------------------
                         slack                                  1.101    





Pulse Width Checks
--------------------------------------------------------------------------------------
Clock Name:         sys_clk_pin
Waveform(ns):       { 0.000 5.000 }
Period(ns):         10.000
Sources:            { CLK100MHZ }

Check Type        Corner  Lib Pin      Reference Pin  Required(ns)  Actual(ns)  Slack(ns)  Location        Pin
Min Period        n/a     BUFG/I       n/a            2.155         10.000      7.845      BUFGCTRL_X0Y16  CLK100MHZ_IBUF_BUFG_inst/I
Min Period        n/a     DSP48E1/CLK  n/a            2.154         10.000      7.846      DSP48_X2Y30     VGAControlModule/boid_read_address_reg_reg/CLK
Min Period        n/a     FDRE/C       n/a            1.000         10.000      9.000      SLICE_X51Y96    counter_reg[0]/C
Min Period        n/a     FDRE/C       n/a            1.000         10.000      9.000      SLICE_X73Y79    VGAControlModule/isBoidInPixel_reg/C
Min Period        n/a     FDRE/C       n/a            1.000         10.000      9.000      SLICE_X79Y77    VGAControlModule/pixCounter_reg[0]/C
Min Period        n/a     FDRE/C       n/a            1.000         10.000      9.000      SLICE_X79Y77    VGAControlModule/pixCounter_reg[1]/C
Low Pulse Width   Slow    FDRE/C       n/a            0.500         5.000       4.500      SLICE_X51Y96    counter_reg[0]/C
Low Pulse Width   Fast    FDRE/C       n/a            0.500         5.000       4.500      SLICE_X51Y96    counter_reg[0]/C
Low Pulse Width   Slow    FDRE/C       n/a            0.500         5.000       4.500      SLICE_X73Y79    VGAControlModule/isBoidInPixel_reg/C
Low Pulse Width   Fast    FDRE/C       n/a            0.500         5.000       4.500      SLICE_X73Y79    VGAControlModule/isBoidInPixel_reg/C
Low Pulse Width   Slow    FDRE/C       n/a            0.500         5.000       4.500      SLICE_X79Y77    VGAControlModule/pixCounter_reg[0]/C
Low Pulse Width   Fast    FDRE/C       n/a            0.500         5.000       4.500      SLICE_X79Y77    VGAControlModule/pixCounter_reg[0]/C
Low Pulse Width   Slow    FDRE/C       n/a            0.500         5.000       4.500      SLICE_X79Y77    VGAControlModule/pixCounter_reg[1]/C
Low Pulse Width   Fast    FDRE/C       n/a            0.500         5.000       4.500      SLICE_X79Y77    VGAControlModule/pixCounter_reg[1]/C
High Pulse Width  Slow    FDRE/C       n/a            0.500         5.000       4.500      SLICE_X51Y96    counter_reg[0]/C
High Pulse Width  Fast    FDRE/C       n/a            0.500         5.000       4.500      SLICE_X51Y96    counter_reg[0]/C
High Pulse Width  Slow    FDRE/C       n/a            0.500         5.000       4.500      SLICE_X73Y79    VGAControlModule/isBoidInPixel_reg/C
High Pulse Width  Fast    FDRE/C       n/a            0.500         5.000       4.500      SLICE_X73Y79    VGAControlModule/isBoidInPixel_reg/C
High Pulse Width  Slow    FDRE/C       n/a            0.500         5.000       4.500      SLICE_X79Y77    VGAControlModule/pixCounter_reg[0]/C
High Pulse Width  Fast    FDRE/C       n/a            0.500         5.000       4.500      SLICE_X79Y77    VGAControlModule/pixCounter_reg[0]/C
High Pulse Width  Slow    FDRE/C       n/a            0.500         5.000       4.500      SLICE_X79Y77    VGAControlModule/pixCounter_reg[1]/C
High Pulse Width  Fast    FDRE/C       n/a            0.500         5.000       4.500      SLICE_X79Y77    VGAControlModule/pixCounter_reg[1]/C



