#-----------------------------------------------------------
# Vivado v2021.1 (64-bit)
# SW Build 3247384 on Thu Jun 10 19:36:33 MDT 2021
# IP Build 3246043 on Fri Jun 11 00:30:35 MDT 2021
# Start of session at: Wed Apr 17 18:52:06 2024
# Process ID: 11276
# Current directory: C:/Users/ay140/Desktop/New_Folder/Boids_FPGA
# Command line: vivado.exe -gui_launcher_event rodinguilauncherevent5816 C:\Users\ay140\Desktop\New_Folder\Boids_FPGA\project_1.xpr
# Log file: C:/Users/ay140/Desktop/New_Folder/Boids_FPGA/vivado.log
# Journal file: C:/Users/ay140/Desktop/New_Folder/Boids_FPGA\vivado.jou
#-----------------------------------------------------------
start_gui
open_project C:/Users/ay140/Desktop/New_Folder/Boids_FPGA/project_1.xpr
INFO: [Project 1-313] Project file moved from 'C:/Users/ay140/Desktop/Boids_FPGA' since last save.
WARNING: [filemgmt 56-2] Default IP Output Path : Could not find the directory 'C:/Users/ay140/Desktop/New_Folder/Boids_FPGA/project_1.gen/sources_1', nor could it be found using path 'C:/Users/ay140/Desktop/Boids_FPGA/project_1.gen/sources_1'.
WARNING: [filemgmt 56-2] IPUserFilesDir: Could not find the directory 'C:/Users/ay140/Desktop/New_Folder/Boids_FPGA/project_1.ip_user_files', nor could it be found using path 'C:/Users/ay140/Desktop/Boids_FPGA/project_1.ip_user_files'.
CRITICAL WARNING: [Project 1-311] Could not find the file 'C:/Users/ay140/Desktop/New_Folder/Boids_FPGA/VGA_files/RAM.v', nor could it be found using path 'C:/Users/ay140/Desktop/Boids_FPGA/VGA_files/RAM.v'.
Scanning sources...
Finished scanning sources
INFO: [IP_Flow 19-234] Refreshing IP repositories
INFO: [IP_Flow 19-1704] No user IP repositories specified
INFO: [IP_Flow 19-2313] Loaded Vivado IP repository 'C:/Xilinx/Vivado/2021.1/data/ip'.
update_compile_order -fileset sources_1
reset_run synth_1
WARNING: [Vivado 12-1017] Problems encountered:
1. Failed to delete one or more files in run directory C:/Users/ay140/Desktop/New_Folder/Boids_FPGA/project_1.runs/synth_1

launch_runs synth_1 -jobs 6
[Wed Apr 17 18:53:24 2024] Launched synth_1...
Run output will be captured here: C:/Users/ay140/Desktop/New_Folder/Boids_FPGA/project_1.runs/synth_1/runme.log
exit
INFO: [Common 17-206] Exiting Vivado at Wed Apr 17 18:58:39 2024...
