#-----------------------------------------------------------
# Vivado v2021.1 (64-bit)
# SW Build 3247384 on Thu Jun 10 19:36:33 MDT 2021
# IP Build 3246043 on Fri Jun 11 00:30:35 MDT 2021
# Start of session at: Fri Apr 12 13:53:50 2024
# Process ID: 4484
# Current directory: C:/Users/ay140/Boids_FPGA
# Command line: vivado.exe -gui_launcher_event rodinguilauncherevent9448 C:\Users\ay140\Boids_FPGA\version_1.xpr
# Log file: C:/Users/ay140/Boids_FPGA/vivado.log
# Journal file: C:/Users/ay140/Boids_FPGA\vivado.jou
#-----------------------------------------------------------
start_gui
open_project C:/Users/ay140/Boids_FPGA/version_1.xpr
WARNING: [filemgmt 56-3] Default IP Output Path : Could not find the directory 'C:/Users/ay140/Boids_FPGA/version_1.gen/sources_1'.
WARNING: [filemgmt 56-3] IPUserFilesDir: Could not find the directory 'C:/Users/ay140/Boids_FPGA/version_1.ip_user_files'.
Scanning sources...
Finished scanning sources
INFO: [IP_Flow 19-234] Refreshing IP repositories
INFO: [IP_Flow 19-1704] No user IP repositories specified
INFO: [IP_Flow 19-2313] Loaded Vivado IP repository 'C:/Xilinx/Vivado/2021.1/data/ip'.
open_project: Time (s): cpu = 00:00:12 ; elapsed = 00:00:05 . Memory (MB): peak = 1329.379 ; gain = 0.000
